   lhs                  rhs        support confidence     lift Conviction
1  {level6pct=0,                                                         
    rgl=5,                                                               
    subject=IW-0803,                                                     
    tag=NNP}         => {score=C} 0.218750  1.0000000 2.461538         NA
2  {level6=0,                                                            
    rgl=5,                                                               
    subject=IW-0803,                                                     
    tag=NNP}         => {score=C} 0.218750  1.0000000 2.461538         NA
3  {level7=8,                                                            
    rgl=7}           => {score=B} 0.203125  0.8125000 2.363636   3.500000
4  {level5=0,                                                            
    level7=8,                                                            
    subject=IW-0803} => {score=B} 0.203125  0.8125000 2.363636   3.500000
5  {level5pct=0,                                                         
    level7=8,                                                            
    subject=IW-0803} => {score=B} 0.203125  0.8125000 2.363636   3.500000
6  {level7=8,                                                            
    subject=IW-0803,                                                     
    word=Japaness}   => {score=B} 0.203125  0.8125000 2.363636   3.500000
7  {rgl=5,                                                               
    subject=IW-0803,                                                     
    tag=NNP}         => {score=C} 0.265625  0.9444444 2.324786  10.687500
8  {AWLratio=0,                                                          
    subject=IW-0803,                                                     
    tag=NNP}         => {score=C} 0.203125  0.9285714 2.285714   8.312500
9  {level7=8,                                                            
    subject=IW-0803} => {score=B} 0.203125  0.7647059 2.224599   2.789062
10 {level6pct=0,                                                         
    rgl=5,                                                               
    subject=IW-0803} => {score=C} 0.265625  0.8947368 2.202429   5.640625
11 {level6=0,                                                            
    rgl=5,                                                               
    subject=IW-0803} => {score=C} 0.265625  0.8947368 2.202429   5.640625
12 {level6pct=0,                                                         
    rgl=5,                                                               
    tag=NNP}         => {score=C} 0.218750  0.8750000 2.153846   4.750000
13 {level6=0,                                                            
    rgl=5,                                                               
    tag=NNP}         => {score=C} 0.218750  0.8750000 2.153846   4.750000
14 {rgl=5,                                                               
    subject=IW-0803} => {score=C} 0.312500  0.8695652 2.140468   4.552083
15 {rgl=5,                                                               
    tag=NNP}         => {score=C} 0.265625  0.8500000 2.092308   3.958333
16 {level5=0,                                                            
    level7=8}        => {score=B} 0.218750  0.7000000 2.036364   2.187500
17 {level5pct=0,                                                         
    level7=8}        => {score=B} 0.218750  0.7000000 2.036364   2.187500
18 {level7=8,                                                            
    word=Japaness}   => {score=B} 0.218750  0.7000000 2.036364   2.187500
19 {AWLratio=0,                                                          
    subject=IW-0803} => {score=C} 0.265625  0.8095238 1.992674   3.117188
20 {level6pct=0,                                                         
    rgl=5}           => {score=C} 0.265625  0.8095238 1.992674   3.117188
21 {level6=0,                                                            
    rgl=5}           => {score=C} 0.265625  0.8095238 1.992674   3.117188
22 {rgl=5}           => {score=C} 0.312500  0.8000000 1.969231   2.968750
23 {level7=8}        => {score=B} 0.218750  0.6666667 1.939394   1.968750
24 {rgl=7,                                                               
    subject=IW-0803} => {score=B} 0.234375  0.6521739 1.897233   1.886719
25 {level3=0,                                                            
    subject=IW-0803} => {score=C} 0.203125  0.7647059 1.882353   2.523438
26 {level3pct=0,                                                         
    subject=IW-0803} => {score=C} 0.203125  0.7647059 1.882353   2.523438
27 {AWLratio=0,                                                          
    tag=NNP}         => {score=C} 0.203125  0.7647059 1.882353   2.523438
28 {level3=0}        => {score=C} 0.203125  0.7222222 1.777778   2.137500
29 {level3pct=0}     => {score=C} 0.203125  0.7222222 1.777778   2.137500
30 {AWLratio=0}      => {score=C} 0.265625  0.7083333 1.743590   2.035714
31 {level5=0,                                                            
    rgl=7}           => {score=B} 0.250000  0.5925926 1.723906   1.610795
32 {level5pct=0,                                                         
    rgl=7}           => {score=B} 0.250000  0.5925926 1.723906   1.610795
33 {rgl=7}           => {score=B} 0.265625  0.5666667 1.648485   1.514423
34 {level6pct=0,                                                         
    subject=IW-0803,                                                     
    tag=NNP}         => {score=C} 0.265625  0.6296296 1.549858   1.603125
35 {level6=0,                                                            
    subject=IW-0803,                                                     
    tag=NNP}         => {score=C} 0.265625  0.6296296 1.549858   1.603125
36 {subject=IW-0803,                                                     
    tag=NNP}         => {score=C} 0.343750  0.5945946 1.463617   1.464583
37 {level6pct=0,                                                         
    subject=IW-0803} => {score=C} 0.328125  0.5675676 1.397089   1.373047
38 {level6=0,                                                            
    subject=IW-0803} => {score=C} 0.328125  0.5675676 1.397089   1.373047
39 {level6pct=0,                                                         
    tag=NNP}         => {score=C} 0.265625  0.5666667 1.394872   1.370192
40 {level6=0,                                                            
    tag=NNP}         => {score=C} 0.265625  0.5666667 1.394872   1.370192
41 {subject=IW-0803} => {score=C} 0.406250  0.5200000 1.280000   1.236979
42 {tag=NNP}         => {score=C} 0.343750  0.5000000 1.230769   1.187500
43 {level5=0,                                                            
    level6pct=0}     => {score=B} 0.250000  0.4102564 1.193473   1.112772
44 {level5pct=0,                                                         
    level6pct=0}     => {score=B} 0.250000  0.4102564 1.193473   1.112772
45 {level5=0,                                                            
    level6=0}        => {score=B} 0.250000  0.4102564 1.193473   1.112772
46 {level5pct=0,                                                         
    level6=0}        => {score=B} 0.250000  0.4102564 1.193473   1.112772
47 {level6pct=0}     => {score=C} 0.328125  0.4666667 1.148718   1.113281
48 {level6=0}        => {score=C} 0.328125  0.4666667 1.148718   1.113281
49 {level5=0,                                                            
    subject=IW-0803} => {score=B} 0.265625  0.3777778 1.098990   1.054688
50 {level5pct=0,                                                         
    subject=IW-0803} => {score=B} 0.265625  0.3777778 1.098990   1.054688
51 {level5=0}        => {score=B} 0.328125  0.3750000 1.090909   1.050000
52 {level5pct=0}     => {score=B} 0.328125  0.3750000 1.090909   1.050000
53 {subject=IW-0803,                                                     
    word=Japaness}   => {score=B} 0.281250  0.3673469 1.068646   1.037298
54 {level6pct=0,                                                         
    word=Japaness}   => {score=B} 0.250000  0.3636364 1.057851   1.031250
55 {level6=0,                                                            
    word=Japaness}   => {score=B} 0.250000  0.3636364 1.057851   1.031250
56 {subject=IW-0803} => {score=B} 0.281250  0.3600000 1.047273   1.025391
57 {level6pct=0}     => {score=B} 0.250000  0.3555556 1.034343   1.018319
58 {level6=0}        => {score=B} 0.250000  0.3555556 1.034343   1.018319
59 {word=Japaness}   => {score=A} 0.218750  0.2258065 1.032258   1.009115
60 {word=Japaness}   => {score=B} 0.343750  0.3548387 1.032258   1.017187
61 {Level=I}         => {score=A} 0.218750  0.2222222 1.015873   1.004464
62 {in_coca-n=0}     => {score=A} 0.218750  0.2222222 1.015873   1.004464
63 {spell_error=}    => {score=A} 0.218750  0.2222222 1.015873   1.004464
64 {Level=I}         => {score=B} 0.343750  0.3492063 1.015873   1.008384
65 {in_coca-n=0}     => {score=B} 0.343750  0.3492063 1.015873   1.008384
66 {spell_error=}    => {score=B} 0.343750  0.3492063 1.015873   1.008384
67 {Level=I}         => {score=C} 0.406250  0.4126984 1.015873   1.010980
68 {in_coca-n=0}     => {score=C} 0.406250  0.4126984 1.015873   1.010980
69 {spell_error=}    => {score=C} 0.406250  0.4126984 1.015873   1.010980
70 {}                => {score=A} 0.218750  0.2187500 1.000000   1.000000
71 {}                => {score=B} 0.343750  0.3437500 1.000000   1.000000
72 {}                => {score=C} 0.406250  0.4062500 1.000000   1.000000
